<?xml version="1.0" encoding="UTF-8"?>
<!-- Generated by org.testng.reporters.JUnitXMLReporter -->
<testsuite ignored="2" hostname="LAPTOP-DCSIFR0Q" failures="0" tests="2" name="Functional_Test" time="25.499" errors="0" timestamp="2025-06-21T20:11:06 IST">
  <testcase classname="com.TestClass.DashboardTest" name="dashboardPageTest" time="8.932"/>
  <testcase classname="com.TestClass.LoginTest" name="loginTest" time="5.938"/>
  <testcase classname="com.BaseClass.BaseClass" name="@BeforeSuite deleteDirectory" time="0.0">
    <ignored/>
  </testcase> <!-- @BeforeSuite deleteDirectory -->
  <testcase classname="com.BaseClass.BaseClass" name="@BeforeSuite deleteDirectory" time="0.0">
    <ignored/>
  </testcase> <!-- @BeforeSuite deleteDirectory -->
</testsuite> <!-- Functional_Test -->
