<?xml version="1.0" encoding="UTF-8"?>
<!-- Generated by org.testng.reporters.JUnitXMLReporter -->
<testsuite ignored="0" hostname="LAPTOP-DCSIFR0Q" failures="0" tests="5" name="Default test" time="54.024" errors="0" timestamp="2025-06-28T11:37:08 IST">
  <testcase classname="com.TestClass.LoginTest" name="loginTest" time="9.242"/>
  <testcase classname="com.TestClass.LoginTest" name="invalidLoginTest" time="3.54"/>
  <testcase classname="com.TestClass.LoginTest" name="emptyUsernamePasswordTest" time="2.496"/>
  <testcase classname="com.TestClass.LoginTest" name="caseSensitivityTest" time="5.202"/>
  <testcase classname="com.TestClass.LoginTest" name="verifyForgotPasswordLinkVisible" time="3.423"/>
</testsuite> <!-- Default test -->
