<?xml version="1.0" encoding="UTF-8"?>
<!-- Generated by org.testng.reporters.JUnitXMLReporter -->
<testsuite ignored="3" hostname="LAPTOP-DCSIFR0Q" failures="0" tests="1" name="Functional Test" time="34.684" errors="0" timestamp="2025-07-08T22:49:42 IST">
  <testcase classname="com.TestClass.EmployeeCreationTest" name="employeeCreation" time="27.136"/>
  <testcase classname="com.TestClass.EmployeeCreationTest" name="invalidSearch" time="0.0">
    <ignored/>
  </testcase> <!-- invalidSearch -->
  <testcase classname="com.TestClass.EmployeeCreationTest" name="editEmployeeDetails" time="0.0">
    <ignored/>
  </testcase> <!-- editEmployeeDetails -->
  <testcase classname="com.TestClass.EmployeeCreationTest" name="employeeSearch" time="0.0">
    <ignored/>
  </testcase> <!-- employeeSearch -->
</testsuite> <!-- Functional Test -->
