<?xml version="1.0" encoding="UTF-8"?>
<!-- Generated by org.testng.reporters.JUnitXMLReporter -->
<testsuite ignored="2" hostname="LAPTOP-DCSIFR0Q" failures="0" tests="2" name="Functional Test" time="39.338" errors="0" timestamp="2025-07-08T22:30:15 IST">
  <testcase classname="com.TestClass.EmployeeCreationTest" name="employeeCreation" time="17.397"/>
  <testcase classname="com.TestClass.EmployeeCreationTest" name="editEmployeeDetails" time="18.533"/>
  <testcase classname="com.TestClass.EmployeeCreationTest" name="invalidSearch" time="0.0">
    <ignored/>
  </testcase> <!-- invalidSearch -->
  <testcase classname="com.TestClass.EmployeeCreationTest" name="employeeSearch" time="0.0">
    <ignored/>
  </testcase> <!-- employeeSearch -->
</testsuite> <!-- Functional Test -->
