<?xml version="1.0" encoding="UTF-8"?>
<!-- Generated by org.testng.reporters.JUnitXMLReporter -->
<testsuite ignored="2" hostname="LAPTOP-DCSIFR0Q" failures="0" tests="4" name="Test" time="55.564" errors="0" timestamp="2025-06-23T19:55:45 IST">
  <testcase classname="com.TestClass.LoginTest" name="loginTest" time="6.674"/>
  <testcase classname="com.TestClass.DashboardTest" name="dashboardPageTest" time="8.814"/>
  <testcase classname="com.TestClass.EmployeeCreationTest" name="employeeCreation" time="10.254"/>
  <testcase classname="com.TestClass.EmployeeCreationTest" name="employeeSearch" time="7.796"/>
  <testcase classname="com.BaseClass.BaseClass" name="@BeforeSuite deleteDirectory" time="0.0">
    <ignored/>
  </testcase> <!-- @BeforeSuite deleteDirectory -->
  <testcase classname="com.BaseClass.BaseClass" name="@BeforeSuite deleteDirectory" time="0.0">
    <ignored/>
  </testcase> <!-- @BeforeSuite deleteDirectory -->
</testsuite> <!-- Test -->
