<?xml version="1.0" encoding="UTF-8"?>
<!-- Generated by org.testng.reporters.JUnitXMLReporter -->
<testsuite ignored="1" hostname="LAPTOP-DCSIFR0Q" failures="0" tests="2" name="Test" time="35.43" errors="0" timestamp="2025-06-24T20:32:03 IST">
  <testcase classname="com.TestClass.LoginTest" name="loginTest" time="10.192"/>
  <testcase classname="com.TestClass.DashboardTest" name="dashboardPageTest" time="11.819"/>
  <testcase classname="com.BaseClass.BaseClass" name="@BeforeSuite deleteDirectory" time="0.0">
    <ignored/>
  </testcase> <!-- @BeforeSuite deleteDirectory -->
</testsuite> <!-- Test -->
