<?xml version="1.0" encoding="UTF-8"?>
<testng-results ignored="0" total="2" passed="2" failed="0" skipped="0">
  <reporter-output>
  </reporter-output>
  <suite started-at="2025-07-03T22:25:07 IST" name="OHRM Suite" finished-at="2025-07-03T22:25:38 IST" duration-ms="30884">
    <groups>
    </groups>
    <test started-at="2025-07-03T22:25:07 IST" name="Functional Test" finished-at="2025-07-03T22:25:38 IST" duration-ms="30884">
      <class name="com.TestClass.EmployeeCreationTest">
        <test-method is-config="true" signature="deleteDirectory()[pri:0, instance:com.TestClass.EmployeeCreationTest@78f5c518]" started-at="2025-07-03T22:25:07 IST" name="deleteDirectory" finished-at="2025-07-03T22:25:07 IST" duration-ms="27" status="PASS">
          <reporter-output>
          </reporter-output>
        </test-method> <!-- deleteDirectory -->
        <test-method is-config="true" signature="setupReport()[pri:0, instance:com.TestClass.EmployeeCreationTest@78f5c518]" started-at="2025-07-03T22:25:07 IST" name="setupReport" finished-at="2025-07-03T22:25:07 IST" duration-ms="218" status="PASS">
          <reporter-output>
          </reporter-output>
        </test-method> <!-- setupReport -->
        <test-method is-config="true" signature="setup()[pri:0, instance:com.TestClass.EmployeeCreationTest@78f5c518]" started-at="2025-07-03T22:25:07 IST" name="setup" finished-at="2025-07-03T22:25:13 IST" duration-ms="5953" status="PASS">
          <reporter-output>
          </reporter-output>
        </test-method> <!-- setup -->
        <test-method signature="employeeCreation()[pri:1, instance:com.TestClass.EmployeeCreationTest@78f5c518]" started-at="2025-07-03T22:25:13 IST" name="employeeCreation" finished-at="2025-07-03T22:25:25 IST" duration-ms="12259" status="PASS">
          <reporter-output>
          </reporter-output>
        </test-method> <!-- employeeCreation -->
        <test-method is-config="true" signature="tearDown()[pri:0, instance:com.TestClass.EmployeeCreationTest@78f5c518]" started-at="2025-07-03T22:25:25 IST" name="tearDown" finished-at="2025-07-03T22:25:25 IST" duration-ms="239" status="PASS">
          <reporter-output>
          </reporter-output>
        </test-method> <!-- tearDown -->
        <test-method is-config="true" signature="setup()[pri:0, instance:com.TestClass.EmployeeCreationTest@78f5c518]" started-at="2025-07-03T22:25:25 IST" name="setup" finished-at="2025-07-03T22:25:30 IST" duration-ms="4482" status="PASS">
          <reporter-output>
          </reporter-output>
        </test-method> <!-- setup -->
        <test-method signature="employeeSearch()[pri:2, instance:com.TestClass.EmployeeCreationTest@78f5c518]" started-at="2025-07-03T22:25:30 IST" name="employeeSearch" finished-at="2025-07-03T22:25:38 IST" duration-ms="7692" status="PASS">
          <reporter-output>
          </reporter-output>
        </test-method> <!-- employeeSearch -->
        <test-method is-config="true" signature="tearDown()[pri:0, instance:com.TestClass.EmployeeCreationTest@78f5c518]" started-at="2025-07-03T22:25:38 IST" name="tearDown" finished-at="2025-07-03T22:25:38 IST" duration-ms="231" status="PASS">
          <reporter-output>
          </reporter-output>
        </test-method> <!-- tearDown -->
        <test-method is-config="true" signature="flushReport()[pri:0, instance:com.TestClass.EmployeeCreationTest@78f5c518]" started-at="2025-07-03T22:25:38 IST" name="flushReport" finished-at="2025-07-03T22:25:38 IST" duration-ms="32" status="PASS">
          <reporter-output>
          </reporter-output>
        </test-method> <!-- flushReport -->
      </class> <!-- com.TestClass.EmployeeCreationTest -->
    </test> <!-- Functional Test -->
  </suite> <!-- OHRM Suite -->
</testng-results>
